\BOOKMARK [0][-]{chapter.2}{Einleitung}{}% 1
\BOOKMARK [1][-]{section.3}{Algorithm Selection Problem}{chapter.2}% 2
\BOOKMARK [1][-]{section.5}{Algorithmenportfolios}{chapter.2}% 3
\BOOKMARK [1][-]{section.7}{Simulationsprobleme}{chapter.2}% 4
\BOOKMARK [0][-]{chapter.8}{Algorithmenportfolios}{}% 5
\BOOKMARK [1][-]{section.9}{Allgemeines}{chapter.8}% 6
\BOOKMARK [2][-]{subsection.10}{Restartstrategien}{section.9}% 7
\BOOKMARK [2][-]{subsection.13}{Auswahl der Algorithmen}{section.9}% 8
\BOOKMARK [2][-]{subsection.14}{Problemtypen und Leistungsbewertung}{section.9}% 9
\BOOKMARK [2][-]{subsection.17}{Kooperation von Algorithmen}{section.9}% 10
\BOOKMARK [1][-]{section.18}{Ausf\374hrungsarten}{chapter.8}% 11
\BOOKMARK [2][-]{subsection.19}{Parallele Ausf\374hrung}{section.18}% 12
\BOOKMARK [2][-]{subsection.21}{Verschr\344nkte Ausf\374hrung}{section.18}% 13
\BOOKMARK [2][-]{subsection.23}{Einzelne Ausf\374hrung}{section.18}% 14
\BOOKMARK [1][-]{section.25}{Entwicklung eines Algorithmenportfolios}{chapter.8}% 15
\BOOKMARK [2][-]{subsection.27}{Statische Entwicklung}{section.25}% 16
\BOOKMARK [2][-]{subsection.28}{Dynamische Entwicklung}{section.25}% 17
\BOOKMARK [0][-]{chapter.32}{Zusammenfassung}{}% 18
\BOOKMARK [0][-]{chapter*.33}{Literaturverzeichnis}{}% 19
\BOOKMARK [0][-]{chapter*.34}{Abbildungsverzeichnis}{}% 20
