\BOOKMARK [1][-]{Doc-Start}{Sperrvermerk}{}% 1
\BOOKMARK [1][-]{Doc-Start}{Inhaltsverzeichnis}{}% 2
\BOOKMARK [1][-]{Doc-Start}{Literatur}{}% 3
\BOOKMARK [1][-]{Doc-Start}{Abbildungsverzeichnis}{}% 4
\BOOKMARK [1][-]{Doc-Start}{Tabellenverzeichnis}{}% 5
\BOOKMARK [1][-]{section.1}{Einleitung}{}% 6
\BOOKMARK [2][-]{subsection.1.1}{Themenspezifikation}{section.1}% 7
\BOOKMARK [2][-]{subsection.1.2}{Methodisches Vorgehen}{section.1}% 8
\BOOKMARK [1][-]{section.2}{Verbindungs-Konzept}{}% 9
\BOOKMARK [2][-]{subsection.2.1}{Verbindungskonzept bis zur Umstrukturierung 2015/Struktur der Komponenten}{section.2}% 10
\BOOKMARK [2][-]{subsection.2.2}{IPSec-VPN}{section.2}% 11
\BOOKMARK [3][-]{subsubsection.2.2.1}{Verbindungsaufbau}{subsection.2.2}% 12
\BOOKMARK [3][-]{subsubsection.2.2.2}{IKE Phase 1}{subsection.2.2}% 13
\BOOKMARK [3][-]{subsubsection.2.2.3}{IKE Phase 2}{subsection.2.2}% 14
\BOOKMARK [3][-]{subsubsection.2.2.4}{Daten\374bertragung per IPSec}{subsection.2.2}% 15
\BOOKMARK [3][-]{subsubsection.2.2.5}{Auswertung der Funktionalit\344t Teil 1}{subsection.2.2}% 16
\BOOKMARK [2][-]{subsection.2.3}{Verbindungskonzept nach Umstrukturierung/Struktur der Komponenten}{section.2}% 17
\BOOKMARK [3][-]{subsubsection.2.3.1}{Auswertung der Funktionalit\344t Teil 2}{subsection.2.3}% 18
\BOOKMARK [1][-]{section.3}{R\351sum\351}{}% 19
\BOOKMARK [1][-]{appendix.A}{Anhang}{}% 20
\BOOKMARK [1][-]{appendix.A}{Versicherung \374ber Eigenleistung}{}% 21
