\BOOKMARK [0][-]{chapter.2}{Einleitung}{}% 1
\BOOKMARK [1][-]{section.3}{Motivation}{chapter.2}% 2
\BOOKMARK [1][-]{section.4}{Methodisches Vorgehen}{chapter.2}% 3
\BOOKMARK [0][-]{chapter.6}{Analyse}{}% 4
\BOOKMARK [1][-]{section.7}{Einordnung des Kreditorenworkflows}{chapter.6}% 5
\BOOKMARK [1][-]{section.8}{Ist-Aufnahme}{chapter.6}% 6
\BOOKMARK [2][-]{subsection.9}{Kreditorenworkflow Teil 1: Rechnungsfreigabe}{section.8}% 7
\BOOKMARK [3][-]{subsubsection.10}{Prozessablauf}{subsection.9}% 8
\BOOKMARK [2][-]{subsection.11}{Kreditorenworkflow Teil 2: Rechnungsbuchung}{section.8}% 9
\BOOKMARK [3][-]{subsubsection.12}{Prozessablauf}{subsection.11}% 10
\BOOKMARK [1][-]{section.13}{Problemanalyse}{chapter.6}% 11
\BOOKMARK [1][-]{section.14}{Performance Measurement}{chapter.6}% 12
\BOOKMARK [2][-]{subsection.15}{Key Performance Indicators}{section.14}% 13
\BOOKMARK [0][-]{chapter.16}{Neukonzeption}{}% 14
\BOOKMARK [1][-]{section.17}{ADM als Methode}{chapter.16}% 15
\BOOKMARK [1][-]{section.18}{Voruntersuchung}{chapter.16}% 16
\BOOKMARK [1][-]{section.19}{Anvisierte Architektur}{chapter.16}% 17
\BOOKMARK [1][-]{section.20}{Gesch\344ftsarchitektur}{chapter.16}% 18
\BOOKMARK [1][-]{section.21}{Informationssystemarchitektur}{chapter.16}% 19
\BOOKMARK [2][-]{subsection.22}{Datenarchitektur}{section.21}% 20
\BOOKMARK [2][-]{subsection.23}{Anwedungsarchitektur}{section.21}% 21
\BOOKMARK [1][-]{section.24}{Technologieinfrastruktur}{chapter.16}% 22
\BOOKMARK [0][-]{chapter.25}{Zusammenfassung}{}% 23
\BOOKMARK [0][-]{chapter*.26}{Literaturverzeichnis}{}% 24
\BOOKMARK [0][-]{chapter*.27}{Abbildungsverzeichnis}{}% 25
